
> web@0.1.0 build
> next build

▲ Next.js 16.1.1 (Turbopack)
- Environments: .env.local

  Creating an optimized production build ...
✓ Compiled successfully in 7.9s
  Running TypeScript ...
  Collecting page data using 21 workers ...
  Generating static pages using 21 workers (0/18) ...
  Generating static pages using 21 workers (4/18) 
  Generating static pages using 21 workers (8/18) 
  Generating static pages using 21 workers (13/18) 
✓ Generating static pages using 21 workers (18/18) in 588.4ms
  Finalizing page optimization ...

Route (app)
┌ ○ /
├ ○ /_not-found
├ ○ /about
├ ○ /aim-scope
├ ƒ /articles/[id]
├ ○ /author-guidelines
├ ƒ /author/[id]
├ ○ /contact
├ ○ /dashboard
├ ○ /dashboard/issues
├ ○ /dashboard/queue
├ ○ /dashboard/submissions
├ ƒ /dashboard/submissions/[id]
├ ○ /dashboard/users
├ ○ /editorial-board
├ ○ /issues
├ ƒ /issues/[id]
├ ○ /policies
├ ○ /search
└ ○ /submit


○  (Static)   prerendered as static content
ƒ  (Dynamic)  server-rendered on demand

